Build started 2012-6-14 19:50:20.
Environment at start of build:
MSBuildExtensionsPath32 = C:\Program Files\MSBuild
MSBuildExtensionsPath = C:\Program Files\MSBuild
LocalAppData = C:\Documents and Settings\s\Local Settings\Application Data
ALLUSERSPROFILE = C:\Documents and Settings\All Users
APPDATA = C:\Documents and Settings\s\Application Data
BINDIR = C:\Documents and Settings\s\桌面\Bingbin Dai\Tracking\bin
BOOST_ROOT = D:\PCL_dependencies\Boost
CLASSPATH = .;.;C:\PROGRA~1\JMF21~1.1E\lib\sound.jar;C:\PROGRA~1\JMF21~1.1E\lib\jmf.jar;C:\PROGRA~1\JMF21~1.1E\lib;
CLIENTNAME = Console
CMINPACK_ROOT = D:\PCL_dependencies\CMINPACK 1.1.3
CommonProgramFiles = C:\Program Files\Common Files
COMPUTERNAME = FDGF-A7ED6673E0
ComSpec = C:\WINDOWS\system32\cmd.exe
CUDA_BIN_PATH = C:\CUDA\bin
CUDA_INC_PATH = C:\CUDA\include
CUDA_LIB_PATH = C:\CUDA\lib
CUDA_PATH = C:\Program Files\NVIDIA GPU Computing Toolkit\CUDA\v4.0\
CUDA_PATH_V4_0 = C:\Program Files\NVIDIA GPU Computing Toolkit\CUDA\v4.0\
DXSDK_DIR = C:\Program Files\Microsoft DirectX SDK (November 2008)\
EIGEN_ROOT = D:\PCL_dependencies\Eigen 3.0.0
FLANN_ROOT = D:\PCL_dependencies\flann 1.6.9
FP_NO_HOST_CHECK = NO
HOMEDRIVE = C:
HOMEPATH = \Documents and Settings\s
INCLUDEDIR = C:\Documents and Settings\s\桌面\Bingbin Dai\Tracking\include
KMP_DUPLICATE_LIB_OK = TRUE
LIBDIR = C:\Documents and Settings\s\桌面\Bingbin Dai\Tracking\lib
LOGONSERVER = \\FDGF-A7ED6673E0
NPOPTI_INCLUDE = D:\NaturalPoint\Optitrack\inc
NPOPTI_LIB = D:\NaturalPoint\Optitrack\lib\i386
NPPOINTCLOUD_API = D:\NaturalPoint\PointCloud\API
NPPOINTCLOUD_INCLUDE = D:\NaturalPoint\PointCloud\inc
NPPOINTCLOUD_LIB = D:\NaturalPoint\PointCloud\lib
NPRIGIDBODY_API = D:\NaturalPoint\RigidBody\API
NPRIGIDBODY_INCLUDE = D:\NaturalPoint\RigidBody\inc
NPRIGIDBODY_LIB = D:\NaturalPoint\RigidBody\lib
NUMBER_OF_PROCESSORS = 2
NVSDKCOMPUTE_ROOT = C:\Documents and Settings\All Users\Application Data\NVIDIA Corporation\NVIDIA GPU Computing SDK 4.0
NVSDKCUDA_ROOT = C:\Program Files\NVIDIA Corporation\NVIDIA CUDA SDK
OPEN_NI_BIN = C:\Program Files\OpenNI\Bin
OPEN_NI_INCLUDE = C:\Program Files\OpenNI\Include
OPEN_NI_INSTALL_PATH = C:\Program Files\OpenNI\
OPEN_NI_LIB = C:\Program Files\OpenNI\Lib
OS = Windows_NT
Path = C:\Program Files\Common Files\NetSarang;c:\Program Files\NVIDIA Corporation\PhysX\Common;C:\Program Files\NVIDIA GPU Computing Toolkit\CUDA\v4.0\bin\;C:\WINDOWS\system32;C:\WINDOWS;C:\WINDOWS\System32\Wbem;C:\Program Files\Ixia\IxChariot;C:\Program Files\TortoiseSVN\bin;C:\Program Files\Microsoft SQL Server\90\Tools\binn\;C:\Program Files\Common Files\Autodesk Shared\;C:\GnuWin32\bin\;D:\PBRT\pbrt-1.04\win32\Projects\Release;D:\PBRT\openexr-1.4.0-vs2005\bin;D:\PBRT\OBJ2PBRT;D:\Program Files\Autodesk\Backburner\;D:\Program Files\MATLAB\R2008a\bin;D:\Program Files\MATLAB\R2008a\bin\win32;C:\Program Files\Common Files\Thunder Network\KanKan\Codecs;C:\Program Files\QuickTime Alternative\QTSystem;C:\Program Files\Common Files\TTKN\Bin;C:\Program Files\Common Files\Ulead Systems\MPEG;c:\Program Files\Microsoft SQL Server\100\Tools\Binn\;c:\Program Files\Microsoft SQL Server\100\DTS\Binn\;C:\CUDA\bin;C:\Documents and Settings\All Users\Application Data\NVIDIA Corporation\NVIDIA GPU Computing SDK 4.0\C\common\bin;D:\OpenCV_2.3.1\build\common\tbb\ia32\vc10;D:\OpenCV_2.3.1\build\x86\vc10\bin;C:\Program Files\Point Grey Research\PGR FlyCapture\bin;;;C:\Program Files\PrimeSense\NITE\bin;C:\Program Files\OpenNI\Bin;D:\Qt_4.8.2\bin;C:\Program Files\PCL\bin
PATHEXT = .COM;.EXE;.BAT;.CMD;.VBS;.VBE;.JS;.JSE;.WSF;.WSH
PBRT_SEARCHPATH = D:\PBRT\pbrt-1.04\win32\Projects\Release
PROCESSOR_ARCHITECTURE = x86
PROCESSOR_IDENTIFIER = x86 Family 6 Model 15 Stepping 13, GenuineIntel
PROCESSOR_LEVEL = 6
PROCESSOR_REVISION = 0f0d
ProgramFiles = C:\Program Files
QHULL_ROOT = D:\PCL_dependencies\qhull 6.2.0.1373
SESSIONNAME = Console
SystemDrive = C:
SystemRoot = C:\WINDOWS
TEMP = C:\DOCUME~1\s\LOCALS~1\Temp
TMP = C:\DOCUME~1\s\LOCALS~1\Temp
USERDOMAIN = FDGF-A7ED6673E0
USERNAME = s
USERPROFILE = C:\Documents and Settings\s
VisualStudioDir = C:\Documents and Settings\s\My Documents\Visual Studio 2010
VS100COMNTOOLS = d:\Program Files\Microsoft Visual Studio 10.0\Common7\Tools\
VS90COMNTOOLS = C:\Program Files\Microsoft Visual Studio 9.0\Common7\Tools\
VTK = D:\PCL_dependencies\VTK 5.6
windir = C:\WINDOWS
wxWidgets = D:\PCL_dependencies\wxWidgets-2.9.2

19:50:20.265     1>Project "G:\Kinect-Explorer\Simple3DScene\Simple3DScene.vcxproj" on node 2 (clean target(s)).
19:50:20.265     1>Building with tools version "4.0".
19:50:20.265     1>Target "_CheckForInvalidConfigurationAndPlatform: (TargetId:2)" in file "C:\WINDOWS\Microsoft.NET\Framework\v4.0.30319\Microsoft.Common.Targets" from project "G:\Kinect-Explorer\Simple3DScene\Simple3DScene.vcxproj" (entry point):
                   Task "Error" skipped, due to false condition; ( '$(_InvalidConfigurationError)' == 'true' ) was evaluated as ( '' == 'true' ).
                   Task "Warning" skipped, due to false condition; ( '$(_InvalidConfigurationWarning)' == 'true' ) was evaluated as ( '' == 'true' ).
                   Using "Message" task from assembly "Microsoft.Build.Tasks.v4.0, Version=4.0.0.0, Culture=neutral, PublicKeyToken=b03f5f7f11d50a3a".
                   Task "Message" (TaskId:2)
                     Configuration=Debug (TaskId:2)
                   Done executing task "Message". (TaskId:2)
                   Task "Message" (TaskId:3)
                     Platform=Win32 (TaskId:3)
                   Done executing task "Message". (TaskId:3)
                   Task "Error" skipped, due to false condition; ('$(OutDir)' != '' and !HasTrailingSlash('$(OutDir)')) was evaluated as ('G:\Kinect-Explorer\Debug\' != '' and !HasTrailingSlash('G:\Kinect-Explorer\Debug\')).
                   Task "Error" skipped, due to false condition; ('$(BaseIntermediateOutputPath)' != '' and !HasTrailingSlash('$(BaseIntermediateOutputPath)')) was evaluated as ('obj\' != '' and !HasTrailingSlash('obj\')).
                   Task "Error" skipped, due to false condition; ('$(IntermediateOutputPath)' != '' and !HasTrailingSlash('$(IntermediateOutputPath)')) was evaluated as ('Debug\' != '' and !HasTrailingSlash('Debug\')).
19:50:20.265     1>Done building target "_CheckForInvalidConfigurationAndPlatform" in project "Simple3DScene.vcxproj".: (TargetId:2)
19:50:20.265     1>Target "_PrepareForClean: (TargetId:3)" in file "C:\Program Files\MSBuild\Microsoft.Cpp\v4.0\Microsoft.BuildSteps.Targets" from project "G:\Kinect-Explorer\Simple3DScene\Simple3DScene.vcxproj" (target "Clean" depends on it):
                   Task "Delete" skipped, due to false condition; (Exists($(LastBuildState))) was evaluated as (Exists(Debug\Simple3DScene.lastbuildstate)).
19:50:20.265     1>Done building target "_PrepareForClean" in project "Simple3DScene.vcxproj".: (TargetId:3)
19:50:20.265     1>Target "BeforeClean: (TargetId:4)" in file "C:\WINDOWS\Microsoft.NET\Framework\v4.0.30319\Microsoft.Common.Targets" from project "G:\Kinect-Explorer\Simple3DScene\Simple3DScene.vcxproj" (target "Clean" depends on it):
19:50:20.265     1>Done building target "BeforeClean" in project "Simple3DScene.vcxproj".: (TargetId:4)
                   Target "UnmanagedUnregistration" skipped, due to false condition; ((('$(_AssemblyTimestampBeforeCompile)' != '$(_AssemblyTimestampAfterCompile)' or '$(RegisterForComInterop)' != 'true' or '$(OutputType)' != 'library') or
                                       ('$(_AssemblyTimestampBeforeCompile)' == '')) and
                                      Exists('@(_UnmanagedRegistrationCache)')) was evaluated as ((('' != '' or '' != 'true' or 'exe' != 'library') or
                                       ('' == '')) and
                                      Exists('obj\Simple3DScene.vcxproj.UnmanagedRegistration.cache')).
19:50:20.265     1>Target "CoreClean: (TargetId:5)" in file "C:\WINDOWS\Microsoft.NET\Framework\v4.0.30319\Microsoft.Common.Targets" from project "G:\Kinect-Explorer\Simple3DScene\Simple3DScene.vcxproj" (target "Clean" depends on it):
                   Using "Delete" task from assembly "Microsoft.Build.Tasks.v4.0, Version=4.0.0.0, Culture=neutral, PublicKeyToken=b03f5f7f11d50a3a".
                   Task "Delete" (TaskId:4)
                   Done executing task "Delete". (TaskId:4)
                   Using "ReadLinesFromFile" task from assembly "Microsoft.Build.Tasks.v4.0, Version=4.0.0.0, Culture=neutral, PublicKeyToken=b03f5f7f11d50a3a".
                   Task "ReadLinesFromFile" (TaskId:5)
                   Done executing task "ReadLinesFromFile". (TaskId:5)
                   Using "FindUnderPath" task from assembly "Microsoft.Build.Tasks.v4.0, Version=4.0.0.0, Culture=neutral, PublicKeyToken=b03f5f7f11d50a3a".
                   Task "FindUnderPath" (TaskId:6)
                     Comparison path is "G:\Kinect-Explorer\Debug\". (TaskId:6)
                   Done executing task "FindUnderPath". (TaskId:6)
                   Task "FindUnderPath" (TaskId:7)
                     Comparison path is "Debug\". (TaskId:7)
                   Done executing task "FindUnderPath". (TaskId:7)
                   Task "Delete" (TaskId:8)
                   Done executing task "Delete". (TaskId:8)
                   Using "RemoveDuplicates" task from assembly "Microsoft.Build.Tasks.v4.0, Version=4.0.0.0, Culture=neutral, PublicKeyToken=b03f5f7f11d50a3a".
                   Task "RemoveDuplicates" (TaskId:9)
                   Done executing task "RemoveDuplicates". (TaskId:9)
                   Using "MakeDir" task from assembly "Microsoft.Build.Tasks.v4.0, Version=4.0.0.0, Culture=neutral, PublicKeyToken=b03f5f7f11d50a3a".
                   Task "MakeDir" (TaskId:10)
                   Done executing task "MakeDir". (TaskId:10)
                   Using "WriteLinesToFile" task from assembly "Microsoft.Build.Tasks.v4.0, Version=4.0.0.0, Culture=neutral, PublicKeyToken=b03f5f7f11d50a3a".
                   Task "WriteLinesToFile" (TaskId:11)
                   Done executing task "WriteLinesToFile". (TaskId:11)
19:50:20.265     1>Done building target "CoreClean" in project "Simple3DScene.vcxproj".: (TargetId:5)
                   Target "AssignProjectConfiguration" skipped, due to false condition; ('@(ProjectReference)'!='') was evaluated as (''!='').
19:50:20.265     1>Target "_SplitProjectReferencesByFileExistence: (TargetId:6)" in file "C:\WINDOWS\Microsoft.NET\Framework\v4.0.30319\Microsoft.Common.Targets" from project "G:\Kinect-Explorer\Simple3DScene\Simple3DScene.vcxproj" (target "CleanReferencedProjects" depends on it):
                   Task "ResolveNonMSBuildProjectOutput" skipped, due to false condition; ('$(BuildingInsideVisualStudio)'=='true' and '@(ProjectReferenceWithConfiguration)'!='') was evaluated as ('true'=='true' and ''!='').
19:50:20.265     1>Done building target "_SplitProjectReferencesByFileExistence" in project "Simple3DScene.vcxproj".: (TargetId:6)
19:50:20.265     1>Target "CleanReferencedProjects: (TargetId:7)" in file "C:\WINDOWS\Microsoft.NET\Framework\v4.0.30319\Microsoft.Common.Targets" from project "G:\Kinect-Explorer\Simple3DScene\Simple3DScene.vcxproj" (target "Clean" depends on it):
                   Task "MSBuild" skipped, due to false condition; ('$(BuildingInsideVisualStudio)' != 'true' and '$(BuildProjectReferences)' == 'true' and '@(_MSBuildProjectReferenceExistent)' != '') was evaluated as ('true' != 'true' and 'true' == 'true' and '' != '').
19:50:20.265     1>Done building target "CleanReferencedProjects" in project "Simple3DScene.vcxproj".: (TargetId:7)
19:50:20.265     1>Target "CleanPublishFolder: (TargetId:8)" in file "C:\WINDOWS\Microsoft.NET\Framework\v4.0.30319\Microsoft.Common.Targets" from project "G:\Kinect-Explorer\Simple3DScene\Simple3DScene.vcxproj" (target "Clean" depends on it):
                   Task "RemoveDir" skipped, due to false condition; ('$(PublishDir)'=='$(OutputPath)app.publish\' and Exists('$(PublishDir)')) was evaluated as ('G:\Kinect-Explorer\Debug\app.publish\'=='G:\Kinect-Explorer\Debug\app.publish\' and Exists('G:\Kinect-Explorer\Debug\app.publish\')).
19:50:20.265     1>Done building target "CleanPublishFolder" in project "Simple3DScene.vcxproj".: (TargetId:8)
19:50:20.265     1>Target "AfterClean: (TargetId:9)" in file "C:\WINDOWS\Microsoft.NET\Framework\v4.0.30319\Microsoft.Common.Targets" from project "G:\Kinect-Explorer\Simple3DScene\Simple3DScene.vcxproj" (target "Clean" depends on it):
19:50:20.265     1>Done building target "AfterClean" in project "Simple3DScene.vcxproj".: (TargetId:9)
                   Target "EntityClean" skipped, due to false condition; ('@(EntityDeploy)' != '') was evaluated as ('' != '').
19:50:20.265     1>Target "BeforeCppClean: (TargetId:10)" in file "C:\Program Files\MSBuild\Microsoft.Cpp\v4.0\Microsoft.CppClean.targets" from project "G:\Kinect-Explorer\Simple3DScene\Simple3DScene.vcxproj" (target "CppClean" depends on it):
19:50:20.265     1>Done building target "BeforeCppClean" in project "Simple3DScene.vcxproj".: (TargetId:10)
19:50:20.265     1>Target "CoreCppClean: (TargetId:11)" in file "C:\Program Files\MSBuild\Microsoft.Cpp\v4.0\Microsoft.CppClean.targets" from project "G:\Kinect-Explorer\Simple3DScene\Simple3DScene.vcxproj" (target "CppClean" depends on it):
                   Task "MakeDir" (TaskId:12)
                   Done executing task "MakeDir". (TaskId:12)
                   Using "CppClean" task from assembly "Microsoft.Build.CppTasks.Common, Version=4.0.0.0, Culture=neutral, PublicKeyToken=b03f5f7f11d50a3a".
                   Task "CppClean" (TaskId:13)
                   Done executing task "CppClean". (TaskId:13)
                   Task "WriteLinesToFile" (TaskId:14)
                   Done executing task "WriteLinesToFile". (TaskId:14)
19:50:20.343     1>Done building target "CoreCppClean" in project "Simple3DScene.vcxproj".: (TargetId:11)
19:50:20.343     1>Target "AfterCppClean: (TargetId:12)" in file "C:\Program Files\MSBuild\Microsoft.Cpp\v4.0\Microsoft.CppClean.targets" from project "G:\Kinect-Explorer\Simple3DScene\Simple3DScene.vcxproj" (target "CppClean" depends on it):
19:50:20.343     1>Done building target "AfterCppClean" in project "Simple3DScene.vcxproj".: (TargetId:12)
19:50:20.343     1>Target "PGInstrumentedClean: (TargetId:13)" in file "C:\Program Files\MSBuild\Microsoft.Cpp\v4.0\Microsoft.CppClean.targets" from project "G:\Kinect-Explorer\Simple3DScene\Simple3DScene.vcxproj" (target "CppClean" depends on it):
                   Task "Delete" (TaskId:15)
                   Done executing task "Delete". (TaskId:15)
19:50:20.359     1>Done building target "PGInstrumentedClean" in project "Simple3DScene.vcxproj".: (TargetId:13)
19:50:20.359     1>Target "CppClean: (TargetId:14)" in file "C:\Program Files\MSBuild\Microsoft.Cpp\v4.0\Microsoft.CppClean.targets" from project "G:\Kinect-Explorer\Simple3DScene\Simple3DScene.vcxproj" (target "Clean" depends on it):
19:50:20.359     1>Done building target "CppClean" in project "Simple3DScene.vcxproj".: (TargetId:14)
19:50:20.359     1>Target "Clean: (TargetId:15)" in file "C:\WINDOWS\Microsoft.NET\Framework\v4.0.30319\Microsoft.Common.Targets" from project "G:\Kinect-Explorer\Simple3DScene\Simple3DScene.vcxproj" (entry point):
19:50:20.359     1>Done building target "Clean" in project "Simple3DScene.vcxproj".: (TargetId:15)
19:50:20.359     1>Done Building Project "G:\Kinect-Explorer\Simple3DScene\Simple3DScene.vcxproj" (clean target(s)).

Project Performance Summary:
       94 ms  G:\Kinect-Explorer\Simple3DScene\Simple3DScene.vcxproj   1 calls
                 94 ms  clean                                      1 calls

Target Performance Summary:
        0 ms  BeforeClean                                1 calls
        0 ms  _CheckForInvalidConfigurationAndPlatform   1 calls
        0 ms  AfterCppClean                              1 calls
        0 ms  CleanPublishFolder                         1 calls
        0 ms  CleanReferencedProjects                    1 calls
        0 ms  BeforeCppClean                             1 calls
        0 ms  AfterClean                                 1 calls
        0 ms  _SplitProjectReferencesByFileExistence     1 calls
        0 ms  Clean                                      1 calls
        0 ms  CoreClean                                  1 calls
        0 ms  _PrepareForClean                           1 calls
        0 ms  CppClean                                   1 calls
       16 ms  PGInstrumentedClean                        1 calls
       78 ms  CoreCppClean                               1 calls

Task Performance Summary:
        0 ms  Delete                                     3 calls
        0 ms  ReadLinesFromFile                          1 calls
        0 ms  RemoveDuplicates                           1 calls
        0 ms  Message                                    2 calls
        0 ms  FindUnderPath                              2 calls
       16 ms  MakeDir                                    2 calls
       31 ms  CppClean                                   1 calls
       31 ms  WriteLinesToFile                           2 calls

Build succeeded.

Time Elapsed 00:00:00.09
