C:\USERS\MADDY\DESKTOP\KINECT-EXPLORER\DEBUG\KINECT EXPLORER.EXE
C:\USERS\MADDY\DESKTOP\KINECT-EXPLORER\DEBUG\KINECT EXPLORER.ILK
C:\USERS\MADDY\DESKTOP\KINECT-EXPLORER\DEBUG\KINECT EXPLORER.PDB
C:\Users\maddy\Desktop\Kinect-Explorer\Kinect Explorer\Debug\cl.command.1.tlog
C:\Users\maddy\Desktop\Kinect-Explorer\Kinect Explorer\Debug\CL.read.1.tlog
C:\Users\maddy\Desktop\Kinect-Explorer\Kinect Explorer\Debug\CL.write.1.tlog
C:\Users\maddy\Desktop\Kinect-Explorer\Kinect Explorer\Debug\custombuild.command.1.tlog
C:\Users\maddy\Desktop\Kinect-Explorer\Kinect Explorer\Debug\custombuild.read.1.tlog
C:\Users\maddy\Desktop\Kinect-Explorer\Kinect Explorer\Debug\custombuild.write.1.tlog
C:\USERS\MADDY\DESKTOP\KINECT-EXPLORER\KINECT EXPLORER\DEBUG\GLOBALUTILITY.OBJ
C:\USERS\MADDY\DESKTOP\KINECT-EXPLORER\KINECT EXPLORER\DEBUG\HUMANDETECTION.OBJ
C:\USERS\MADDY\DESKTOP\KINECT-EXPLORER\KINECT EXPLORER\DEBUG\KINECT EXPLORER.EXE.INTERMEDIATE.MANIFEST
C:\USERS\MADDY\DESKTOP\KINECT-EXPLORER\KINECT EXPLORER\DEBUG\KINECTHOLEFILLER.OBJ
C:\USERS\MADDY\DESKTOP\KINECT-EXPLORER\KINECT EXPLORER\DEBUG\KINECTSTREAMTHREAD.OBJ
C:\Users\maddy\Desktop\Kinect-Explorer\Kinect Explorer\Debug\link.command.1.tlog
C:\Users\maddy\Desktop\Kinect-Explorer\Kinect Explorer\Debug\link.read.1.tlog
C:\Users\maddy\Desktop\Kinect-Explorer\Kinect Explorer\Debug\link.write.1.tlog
C:\USERS\MADDY\DESKTOP\KINECT-EXPLORER\KINECT EXPLORER\DEBUG\MAIN.OBJ
C:\USERS\MADDY\DESKTOP\KINECT-EXPLORER\KINECT EXPLORER\DEBUG\MAINWND.OBJ
C:\USERS\MADDY\DESKTOP\KINECT-EXPLORER\KINECT EXPLORER\DEBUG\MOC_KINECTSTREAMTHREAD.OBJ
C:\USERS\MADDY\DESKTOP\KINECT-EXPLORER\KINECT EXPLORER\DEBUG\MOC_MAINWND.OBJ
C:\Users\maddy\Desktop\Kinect-Explorer\Kinect Explorer\Debug\mt.command.1.tlog
C:\Users\maddy\Desktop\Kinect-Explorer\Kinect Explorer\Debug\mt.read.1.tlog
C:\Users\maddy\Desktop\Kinect-Explorer\Kinect Explorer\Debug\mt.write.1.tlog
C:\USERS\MADDY\DESKTOP\KINECT-EXPLORER\KINECT EXPLORER\DEBUG\OPENCVUTILITY.OBJ
C:\USERS\MADDY\DESKTOP\KINECT-EXPLORER\KINECT EXPLORER\DEBUG\OPENNIUTILITY.OBJ
C:\USERS\MADDY\DESKTOP\KINECT-EXPLORER\KINECT EXPLORER\DEBUG\QRC_MAINWND.OBJ
C:\USERS\MADDY\DESKTOP\KINECT-EXPLORER\KINECT EXPLORER\DEBUG\SIMPLEHEADTRACKING.OBJ
C:\USERS\MADDY\DESKTOP\KINECT-EXPLORER\KINECT EXPLORER\DEBUG\VC100.PDB
C:\USERS\MADDY\DESKTOP\KINECT-EXPLORER\KINECT EXPLORER\GENERATEDFILES\DEBUG\MOC_KINECTSTREAMTHREAD.CPP
C:\USERS\MADDY\DESKTOP\KINECT-EXPLORER\KINECT EXPLORER\GENERATEDFILES\DEBUG\MOC_MAINWND.CPP
C:\USERS\MADDY\DESKTOP\KINECT-EXPLORER\KINECT EXPLORER\GENERATEDFILES\QRC_MAINWND.CPP
C:\USERS\MADDY\DESKTOP\KINECT-EXPLORER\KINECT EXPLORER\GENERATEDFILES\UI_MAINWND.H
