C:\USERS\MADDY\DESKTOP\KINECT-EXPLORER\DEBUG\KINECT-EXTRCALIB.EXE
C:\USERS\MADDY\DESKTOP\KINECT-EXPLORER\DEBUG\KINECT-EXTRCALIB.ILK
C:\USERS\MADDY\DESKTOP\KINECT-EXPLORER\DEBUG\KINECT-EXTRCALIB.PDB
C:\USERS\MADDY\DESKTOP\KINECT-EXPLORER\KINECT-EXTRCALIB\DEBUG\ARTAGHELPER.OBJ
C:\Users\maddy\Desktop\Kinect-Explorer\Kinect-ExtrCalib\Debug\cl.command.1.tlog
C:\Users\maddy\Desktop\Kinect-Explorer\Kinect-ExtrCalib\Debug\CL.read.1.tlog
C:\Users\maddy\Desktop\Kinect-Explorer\Kinect-ExtrCalib\Debug\CL.write.1.tlog
C:\USERS\MADDY\DESKTOP\KINECT-EXPLORER\KINECT-EXTRCALIB\DEBUG\EXTRCALIBRATOR.OBJ
C:\USERS\MADDY\DESKTOP\KINECT-EXPLORER\KINECT-EXTRCALIB\DEBUG\GLOBALUTILITY.OBJ
C:\USERS\MADDY\DESKTOP\KINECT-EXPLORER\KINECT-EXTRCALIB\DEBUG\KINECT-EXTRCALIB.EXE.INTERMEDIATE.MANIFEST
C:\Users\maddy\Desktop\Kinect-Explorer\Kinect-ExtrCalib\Debug\link.4704.read.1.tlog
C:\Users\maddy\Desktop\Kinect-Explorer\Kinect-ExtrCalib\Debug\link.4704.write.1.tlog
C:\Users\maddy\Desktop\Kinect-Explorer\Kinect-ExtrCalib\Debug\link.8120.read.1.tlog
C:\Users\maddy\Desktop\Kinect-Explorer\Kinect-ExtrCalib\Debug\link.8120.write.1.tlog
C:\Users\maddy\Desktop\Kinect-Explorer\Kinect-ExtrCalib\Debug\link.command.1.tlog
C:\Users\maddy\Desktop\Kinect-Explorer\Kinect-ExtrCalib\Debug\link.read.1.tlog
C:\Users\maddy\Desktop\Kinect-Explorer\Kinect-ExtrCalib\Debug\link.write.1.tlog
C:\USERS\MADDY\DESKTOP\KINECT-EXPLORER\KINECT-EXTRCALIB\DEBUG\MAIN.OBJ
C:\Users\maddy\Desktop\Kinect-Explorer\Kinect-ExtrCalib\Debug\mt.command.1.tlog
C:\Users\maddy\Desktop\Kinect-Explorer\Kinect-ExtrCalib\Debug\mt.read.1.tlog
C:\Users\maddy\Desktop\Kinect-Explorer\Kinect-ExtrCalib\Debug\mt.write.1.tlog
C:\USERS\MADDY\DESKTOP\KINECT-EXPLORER\KINECT-EXTRCALIB\DEBUG\OPENCVUTILITY.OBJ
C:\USERS\MADDY\DESKTOP\KINECT-EXPLORER\KINECT-EXTRCALIB\DEBUG\OPENNIUTILITY.OBJ
C:\Users\maddy\Desktop\Kinect-Explorer\Kinect-ExtrCalib\Debug\vc100.idb
C:\USERS\MADDY\DESKTOP\KINECT-EXPLORER\KINECT-EXTRCALIB\DEBUG\VC100.PDB
C:\WINDOWS\MICROSOFT.NET\FRAMEWORK\V2.0.50727\MSCORWKS.DLL
C:\WINDOWS\MICROSOFT.NET\FRAMEWORK\V4.0.30319\CLR.DLL
