生成启动时间为 2012/7/2 星期一 20:45:48。
     1>项目“C:\Users\maddy\Desktop\Kinect-Explorer\SimpleCalibration\SimpleCalibration.vcxproj”在节点 2 上(build 个目标)。
     1>InitializeBuildStatus:
         正在创建“Debug\SimpleCalibration.unsuccessfulbuild”，因为已指定“AlwaysCreate”。
       ClCompile:
         c:\Program Files\Microsoft Visual Studio 10.0\VC\bin\CL.exe /c /ZI /nologo /W3 /WX- /Od /Oy- /D _MBCS /Gm /EHsc /RTC1 /MDd /GS /fp:precise /Zc:wchar_t /Zc:forScope /Fo"Debug\\" /Fd"Debug\vc100.pdb" /Gd /TP /analyze- /errorReport:prompt main.cpp
         main.cpp
     1>c:\users\maddy\desktop\kinect-explorer\kinect explorer\sources\opencvutility.h(51): warning C4244: “=”: 从“float”转换到“uchar”，可能丢失数据
     1>c:\users\maddy\desktop\kinect-explorer\kinect explorer\sources\opencvutility.h(51): warning C4244: “=”: 从“float”转换到“uchar”，可能丢失数据
     1>c:\users\maddy\desktop\kinect-explorer\kinect explorer\sources\opencvutility.h(52): warning C4244: “=”: 从“float”转换到“uchar”，可能丢失数据
     1>c:\users\maddy\desktop\kinect-explorer\kinect explorer\sources\opencvutility.h(52): warning C4244: “=”: 从“float”转换到“uchar”，可能丢失数据
     1>c:\users\maddy\desktop\kinect-explorer\kinect explorer\sources\opencvutility.h(53): warning C4244: “=”: 从“float”转换到“uchar”，可能丢失数据
     1>c:\users\maddy\desktop\kinect-explorer\kinect explorer\sources\opencvutility.h(53): warning C4244: “=”: 从“float”转换到“uchar”，可能丢失数据
     1>c:\users\maddy\desktop\kinect-explorer\kinect explorer\sources\opencvutility.h(54): warning C4244: “=”: 从“float”转换到“uchar”，可能丢失数据
     1>c:\users\maddy\desktop\kinect-explorer\kinect explorer\sources\opencvutility.h(54): warning C4244: “=”: 从“float”转换到“uchar”，可能丢失数据
     1>c:\users\maddy\desktop\kinect-explorer\kinect explorer\sources\opencvutility.h(55): warning C4244: “=”: 从“float”转换到“uchar”，可能丢失数据
     1>c:\users\maddy\desktop\kinect-explorer\kinect explorer\sources\opencvutility.h(55): warning C4244: “=”: 从“float”转换到“uchar”，可能丢失数据
     1>c:\users\maddy\desktop\kinect-explorer\kinect explorer\sources\opencvutility.h(56): warning C4244: “=”: 从“float”转换到“uchar”，可能丢失数据
     1>c:\users\maddy\desktop\kinect-explorer\kinect explorer\sources\opencvutility.h(56): warning C4244: “=”: 从“float”转换到“uchar”，可能丢失数据
     1>CL : warning : Inclusion of header files from include/Qt is deprecated.
     1>CL : warning : Inclusion of header files from include/Qt is deprecated.
       Link:
         c:\Program Files\Microsoft Visual Studio 10.0\VC\bin\link.exe /ERRORREPORT:PROMPT /OUT:"C:\Users\maddy\Desktop\Kinect-Explorer\Debug\SimpleCalibration.exe" /NOLOGO OpenNI.lib opencv_core231d.lib opencv_highgui231d.lib opencv_imgproc231d.lib QtCored4.lib QtGuid4.lib kernel32.lib user32.lib gdi32.lib winspool.lib comdlg32.lib advapi32.lib shell32.lib ole32.lib oleaut32.lib uuid.lib odbc32.lib odbccp32.lib /MANIFEST /ManifestFile:"Debug\SimpleCalibration.exe.intermediate.manifest" /MANIFESTUAC:"level='asInvoker' uiAccess='false'" /DEBUG /PDB:"C:\Users\maddy\Desktop\Kinect-Explorer\Debug\SimpleCalibration.pdb" /TLBID:1 /DYNAMICBASE /NXCOMPAT /IMPLIB:"C:\Users\maddy\Desktop\Kinect-Explorer\Debug\SimpleCalibration.lib" /MACHINE:X86 Debug\GlobalUtility.obj
         Debug\OpenCvUtility.obj
         Debug\OpenNiUtility.obj
         Debug\main.obj
         LINK : 没有找到 C:\Users\maddy\Desktop\Kinect-Explorer\Debug\SimpleCalibration.exe 或上一个增量链接没有生成它；正在执行完全链接
         SimpleCalibration.vcxproj -> C:\Users\maddy\Desktop\Kinect-Explorer\Debug\SimpleCalibration.exe
       Manifest:
         C:\Program Files\Microsoft SDKs\Windows\v7.0A\bin\mt.exe /nologo /verbose /outputresource:"C:\Users\maddy\Desktop\Kinect-Explorer\Debug\SimpleCalibration.exe;#1" /manifest Debug\SimpleCalibration.exe.intermediate.manifest
       FinalizeBuildStatus:
         正在删除文件“Debug\SimpleCalibration.unsuccessfulbuild”。
         正在对“Debug\SimpleCalibration.lastbuildstate”执行 Touch 任务。
     1>已完成生成项目“C:\Users\maddy\Desktop\Kinect-Explorer\SimpleCalibration\SimpleCalibration.vcxproj”(build 个目标)的操作。

生成成功。

已用时间 00:00:03.24
