Build started 2012-6-13 18:20:38.
Environment at start of build:
MSBuildExtensionsPath32 = C:\Program Files\MSBuild
MSBuildExtensionsPath = C:\Program Files\MSBuild
LocalAppData = C:\Documents and Settings\s\Local Settings\Application Data
ALLUSERSPROFILE = C:\Documents and Settings\All Users
APPDATA = C:\Documents and Settings\s\Application Data
BINDIR = C:\Documents and Settings\s\桌面\Bingbin Dai\Tracking\bin
BOOST_ROOT = D:\PCL_dependencies\Boost
CLASSPATH = .;.;C:\PROGRA~1\JMF21~1.1E\lib\sound.jar;C:\PROGRA~1\JMF21~1.1E\lib\jmf.jar;C:\PROGRA~1\JMF21~1.1E\lib;
CLIENTNAME = Console
CMINPACK_ROOT = D:\PCL_dependencies\CMINPACK 1.1.3
CommonProgramFiles = C:\Program Files\Common Files
COMPUTERNAME = FDGF-A7ED6673E0
ComSpec = C:\WINDOWS\system32\cmd.exe
CUDA_BIN_PATH = C:\CUDA\bin
CUDA_INC_PATH = C:\CUDA\include
CUDA_LIB_PATH = C:\CUDA\lib
CUDA_PATH = C:\Program Files\NVIDIA GPU Computing Toolkit\CUDA\v4.0\
CUDA_PATH_V4_0 = C:\Program Files\NVIDIA GPU Computing Toolkit\CUDA\v4.0\
DXSDK_DIR = C:\Program Files\Microsoft DirectX SDK (November 2008)\
EIGEN_ROOT = D:\PCL_dependencies\Eigen 3.0.0
FLANN_ROOT = D:\PCL_dependencies\flann 1.6.9
FP_NO_HOST_CHECK = NO
HOMEDRIVE = C:
HOMEPATH = \Documents and Settings\s
INCLUDEDIR = C:\Documents and Settings\s\桌面\Bingbin Dai\Tracking\include
KMP_DUPLICATE_LIB_OK = TRUE
LIBDIR = C:\Documents and Settings\s\桌面\Bingbin Dai\Tracking\lib
LOGONSERVER = \\FDGF-A7ED6673E0
NPOPTI_INCLUDE = D:\NaturalPoint\Optitrack\inc
NPOPTI_LIB = D:\NaturalPoint\Optitrack\lib\i386
NPPOINTCLOUD_API = D:\NaturalPoint\PointCloud\API
NPPOINTCLOUD_INCLUDE = D:\NaturalPoint\PointCloud\inc
NPPOINTCLOUD_LIB = D:\NaturalPoint\PointCloud\lib
NPRIGIDBODY_API = D:\NaturalPoint\RigidBody\API
NPRIGIDBODY_INCLUDE = D:\NaturalPoint\RigidBody\inc
NPRIGIDBODY_LIB = D:\NaturalPoint\RigidBody\lib
NUMBER_OF_PROCESSORS = 2
NVSDKCOMPUTE_ROOT = C:\Documents and Settings\All Users\Application Data\NVIDIA Corporation\NVIDIA GPU Computing SDK 4.0
NVSDKCUDA_ROOT = C:\Program Files\NVIDIA Corporation\NVIDIA CUDA SDK
OPEN_NI_BIN = C:\Program Files\OpenNI\Bin
OPEN_NI_INCLUDE = C:\Program Files\OpenNI\Include
OPEN_NI_INSTALL_PATH = C:\Program Files\OpenNI\
OPEN_NI_LIB = C:\Program Files\OpenNI\Lib
OS = Windows_NT
Path = C:\Program Files\Common Files\NetSarang;c:\Program Files\NVIDIA Corporation\PhysX\Common;C:\Program Files\NVIDIA GPU Computing Toolkit\CUDA\v4.0\bin\;C:\WINDOWS\system32;C:\WINDOWS;C:\WINDOWS\System32\Wbem;C:\Program Files\Ixia\IxChariot;C:\Program Files\TortoiseSVN\bin;C:\Program Files\Microsoft SQL Server\90\Tools\binn\;C:\Program Files\Common Files\Autodesk Shared\;C:\GnuWin32\bin\;D:\PBRT\pbrt-1.04\win32\Projects\Release;D:\PBRT\openexr-1.4.0-vs2005\bin;D:\PBRT\OBJ2PBRT;D:\Program Files\Autodesk\Backburner\;D:\Program Files\MATLAB\R2008a\bin;D:\Program Files\MATLAB\R2008a\bin\win32;C:\Program Files\Common Files\Thunder Network\KanKan\Codecs;C:\Program Files\QuickTime Alternative\QTSystem;C:\Program Files\Common Files\TTKN\Bin;C:\Program Files\Common Files\Ulead Systems\MPEG;c:\Program Files\Microsoft SQL Server\100\Tools\Binn\;c:\Program Files\Microsoft SQL Server\100\DTS\Binn\;C:\CUDA\bin;C:\Documents and Settings\All Users\Application Data\NVIDIA Corporation\NVIDIA GPU Computing SDK 4.0\C\common\bin;D:\OpenCV_2.3.1\build\common\tbb\ia32\vc10;D:\OpenCV_2.3.1\build\x86\vc10\bin;C:\Program Files\Point Grey Research\PGR FlyCapture\bin;;;C:\Program Files\PrimeSense\NITE\bin;C:\Program Files\OpenNI\Bin;D:\Qt_4.8.2\bin;C:\Program Files\PCL\bin
PATHEXT = .COM;.EXE;.BAT;.CMD;.VBS;.VBE;.JS;.JSE;.WSF;.WSH
PBRT_SEARCHPATH = D:\PBRT\pbrt-1.04\win32\Projects\Release
PROCESSOR_ARCHITECTURE = x86
PROCESSOR_IDENTIFIER = x86 Family 6 Model 15 Stepping 13, GenuineIntel
PROCESSOR_LEVEL = 6
PROCESSOR_REVISION = 0f0d
ProgramFiles = C:\Program Files
QHULL_ROOT = D:\PCL_dependencies\qhull 6.2.0.1373
SESSIONNAME = Console
SystemDrive = C:
SystemRoot = C:\WINDOWS
TEMP = C:\DOCUME~1\s\LOCALS~1\Temp
TMP = C:\DOCUME~1\s\LOCALS~1\Temp
USERDOMAIN = FDGF-A7ED6673E0
USERNAME = s
USERPROFILE = C:\Documents and Settings\s
VisualStudioDir = C:\Documents and Settings\s\My Documents\Visual Studio 2010
VS100COMNTOOLS = d:\Program Files\Microsoft Visual Studio 10.0\Common7\Tools\
VS90COMNTOOLS = C:\Program Files\Microsoft Visual Studio 9.0\Common7\Tools\
VTK = D:\PCL_dependencies\VTK 5.6
windir = C:\WINDOWS
wxWidgets = D:\PCL_dependencies\wxWidgets-2.9.2

18:20:38.968     1>Project "D:\Fangmai Zheng\Kinect-Explorer\Canny Algo\Canny Algo.vcxproj" on node 2 (clean target(s)).
18:20:38.968     1>Building with tools version "4.0".
18:20:38.968     1>Target "_CheckForInvalidConfigurationAndPlatform: (TargetId:16)" in file "C:\WINDOWS\Microsoft.NET\Framework\v4.0.30319\Microsoft.Common.Targets" from project "D:\Fangmai Zheng\Kinect-Explorer\Canny Algo\Canny Algo.vcxproj" (entry point):
                   Task "Error" skipped, due to false condition; ( '$(_InvalidConfigurationError)' == 'true' ) was evaluated as ( '' == 'true' ).
                   Task "Warning" skipped, due to false condition; ( '$(_InvalidConfigurationWarning)' == 'true' ) was evaluated as ( '' == 'true' ).
                   Task "Message" (TaskId:16)
                     Configuration=Debug (TaskId:16)
                   Done executing task "Message". (TaskId:16)
                   Task "Message" (TaskId:17)
                     Platform=Win32 (TaskId:17)
                   Done executing task "Message". (TaskId:17)
                   Task "Error" skipped, due to false condition; ('$(OutDir)' != '' and !HasTrailingSlash('$(OutDir)')) was evaluated as ('D:\Fangmai Zheng\Kinect-Explorer\Debug\' != '' and !HasTrailingSlash('D:\Fangmai Zheng\Kinect-Explorer\Debug\')).
                   Task "Error" skipped, due to false condition; ('$(BaseIntermediateOutputPath)' != '' and !HasTrailingSlash('$(BaseIntermediateOutputPath)')) was evaluated as ('obj\' != '' and !HasTrailingSlash('obj\')).
                   Task "Error" skipped, due to false condition; ('$(IntermediateOutputPath)' != '' and !HasTrailingSlash('$(IntermediateOutputPath)')) was evaluated as ('Debug\' != '' and !HasTrailingSlash('Debug\')).
18:20:38.968     1>Done building target "_CheckForInvalidConfigurationAndPlatform" in project "Canny Algo.vcxproj".: (TargetId:16)
18:20:38.968     1>Target "_PrepareForClean: (TargetId:17)" in file "C:\Program Files\MSBuild\Microsoft.Cpp\v4.0\Microsoft.BuildSteps.Targets" from project "D:\Fangmai Zheng\Kinect-Explorer\Canny Algo\Canny Algo.vcxproj" (target "Clean" depends on it):
                   Task "Delete" skipped, due to false condition; (Exists($(LastBuildState))) was evaluated as (Exists(Debug\Canny Algo.lastbuildstate)).
18:20:38.968     1>Done building target "_PrepareForClean" in project "Canny Algo.vcxproj".: (TargetId:17)
18:20:38.968     1>Target "BeforeClean: (TargetId:18)" in file "C:\WINDOWS\Microsoft.NET\Framework\v4.0.30319\Microsoft.Common.Targets" from project "D:\Fangmai Zheng\Kinect-Explorer\Canny Algo\Canny Algo.vcxproj" (target "Clean" depends on it):
18:20:38.968     1>Done building target "BeforeClean" in project "Canny Algo.vcxproj".: (TargetId:18)
                   Target "UnmanagedUnregistration" skipped, due to false condition; ((('$(_AssemblyTimestampBeforeCompile)' != '$(_AssemblyTimestampAfterCompile)' or '$(RegisterForComInterop)' != 'true' or '$(OutputType)' != 'library') or
                                       ('$(_AssemblyTimestampBeforeCompile)' == '')) and
                                      Exists('@(_UnmanagedRegistrationCache)')) was evaluated as ((('' != '' or '' != 'true' or 'exe' != 'library') or
                                       ('' == '')) and
                                      Exists('obj\Canny Algo.vcxproj.UnmanagedRegistration.cache')).
18:20:38.968     1>Target "CoreClean: (TargetId:19)" in file "C:\WINDOWS\Microsoft.NET\Framework\v4.0.30319\Microsoft.Common.Targets" from project "D:\Fangmai Zheng\Kinect-Explorer\Canny Algo\Canny Algo.vcxproj" (target "Clean" depends on it):
                   Task "Delete" (TaskId:18)
                   Done executing task "Delete". (TaskId:18)
                   Task "ReadLinesFromFile" (TaskId:19)
                   Done executing task "ReadLinesFromFile". (TaskId:19)
                   Task "FindUnderPath" (TaskId:20)
                     Comparison path is "D:\Fangmai Zheng\Kinect-Explorer\Debug\". (TaskId:20)
                   Done executing task "FindUnderPath". (TaskId:20)
                   Task "FindUnderPath" (TaskId:21)
                     Comparison path is "Debug\". (TaskId:21)
                   Done executing task "FindUnderPath". (TaskId:21)
                   Task "Delete" (TaskId:22)
                   Done executing task "Delete". (TaskId:22)
                   Task "RemoveDuplicates" (TaskId:23)
                   Done executing task "RemoveDuplicates". (TaskId:23)
                   Task "MakeDir" (TaskId:24)
                   Done executing task "MakeDir". (TaskId:24)
                   Task "WriteLinesToFile" (TaskId:25)
                   Done executing task "WriteLinesToFile". (TaskId:25)
18:20:38.968     1>Done building target "CoreClean" in project "Canny Algo.vcxproj".: (TargetId:19)
                   Target "AssignProjectConfiguration" skipped, due to false condition; ('@(ProjectReference)'!='') was evaluated as (''!='').
18:20:38.968     1>Target "_SplitProjectReferencesByFileExistence: (TargetId:20)" in file "C:\WINDOWS\Microsoft.NET\Framework\v4.0.30319\Microsoft.Common.Targets" from project "D:\Fangmai Zheng\Kinect-Explorer\Canny Algo\Canny Algo.vcxproj" (target "CleanReferencedProjects" depends on it):
                   Task "ResolveNonMSBuildProjectOutput" skipped, due to false condition; ('$(BuildingInsideVisualStudio)'=='true' and '@(ProjectReferenceWithConfiguration)'!='') was evaluated as ('true'=='true' and ''!='').
18:20:38.968     1>Done building target "_SplitProjectReferencesByFileExistence" in project "Canny Algo.vcxproj".: (TargetId:20)
18:20:38.968     1>Target "CleanReferencedProjects: (TargetId:21)" in file "C:\WINDOWS\Microsoft.NET\Framework\v4.0.30319\Microsoft.Common.Targets" from project "D:\Fangmai Zheng\Kinect-Explorer\Canny Algo\Canny Algo.vcxproj" (target "Clean" depends on it):
                   Task "MSBuild" skipped, due to false condition; ('$(BuildingInsideVisualStudio)' != 'true' and '$(BuildProjectReferences)' == 'true' and '@(_MSBuildProjectReferenceExistent)' != '') was evaluated as ('true' != 'true' and 'true' == 'true' and '' != '').
18:20:38.968     1>Done building target "CleanReferencedProjects" in project "Canny Algo.vcxproj".: (TargetId:21)
18:20:38.968     1>Target "CleanPublishFolder: (TargetId:22)" in file "C:\WINDOWS\Microsoft.NET\Framework\v4.0.30319\Microsoft.Common.Targets" from project "D:\Fangmai Zheng\Kinect-Explorer\Canny Algo\Canny Algo.vcxproj" (target "Clean" depends on it):
                   Task "RemoveDir" skipped, due to false condition; ('$(PublishDir)'=='$(OutputPath)app.publish\' and Exists('$(PublishDir)')) was evaluated as ('D:\Fangmai Zheng\Kinect-Explorer\Debug\app.publish\'=='D:\Fangmai Zheng\Kinect-Explorer\Debug\app.publish\' and Exists('D:\Fangmai Zheng\Kinect-Explorer\Debug\app.publish\')).
18:20:38.968     1>Done building target "CleanPublishFolder" in project "Canny Algo.vcxproj".: (TargetId:22)
18:20:38.968     1>Target "AfterClean: (TargetId:23)" in file "C:\WINDOWS\Microsoft.NET\Framework\v4.0.30319\Microsoft.Common.Targets" from project "D:\Fangmai Zheng\Kinect-Explorer\Canny Algo\Canny Algo.vcxproj" (target "Clean" depends on it):
18:20:38.968     1>Done building target "AfterClean" in project "Canny Algo.vcxproj".: (TargetId:23)
                   Target "EntityClean" skipped, due to false condition; ('@(EntityDeploy)' != '') was evaluated as ('' != '').
18:20:38.968     1>Target "BeforeCppClean: (TargetId:24)" in file "C:\Program Files\MSBuild\Microsoft.Cpp\v4.0\Microsoft.CppClean.targets" from project "D:\Fangmai Zheng\Kinect-Explorer\Canny Algo\Canny Algo.vcxproj" (target "CppClean" depends on it):
18:20:38.968     1>Done building target "BeforeCppClean" in project "Canny Algo.vcxproj".: (TargetId:24)
18:20:38.968     1>Target "CoreCppClean: (TargetId:25)" in file "C:\Program Files\MSBuild\Microsoft.Cpp\v4.0\Microsoft.CppClean.targets" from project "D:\Fangmai Zheng\Kinect-Explorer\Canny Algo\Canny Algo.vcxproj" (target "CppClean" depends on it):
                   Task "MakeDir" (TaskId:26)
                   Done executing task "MakeDir". (TaskId:26)
                   Using "CppClean" task from assembly "Microsoft.Build.CppTasks.Common, Version=4.0.0.0, Culture=neutral, PublicKeyToken=b03f5f7f11d50a3a".
                   Task "CppClean" (TaskId:27)
                   Done executing task "CppClean". (TaskId:27)
                   Task "WriteLinesToFile" (TaskId:28)
                   Done executing task "WriteLinesToFile". (TaskId:28)
18:20:38.968     1>Done building target "CoreCppClean" in project "Canny Algo.vcxproj".: (TargetId:25)
18:20:38.968     1>Target "AfterCppClean: (TargetId:26)" in file "C:\Program Files\MSBuild\Microsoft.Cpp\v4.0\Microsoft.CppClean.targets" from project "D:\Fangmai Zheng\Kinect-Explorer\Canny Algo\Canny Algo.vcxproj" (target "CppClean" depends on it):
18:20:38.968     1>Done building target "AfterCppClean" in project "Canny Algo.vcxproj".: (TargetId:26)
18:20:38.968     1>Target "PGInstrumentedClean: (TargetId:27)" in file "C:\Program Files\MSBuild\Microsoft.Cpp\v4.0\Microsoft.CppClean.targets" from project "D:\Fangmai Zheng\Kinect-Explorer\Canny Algo\Canny Algo.vcxproj" (target "CppClean" depends on it):
                   Task "Delete" (TaskId:29)
                   Done executing task "Delete". (TaskId:29)
18:20:38.968     1>Done building target "PGInstrumentedClean" in project "Canny Algo.vcxproj".: (TargetId:27)
18:20:38.968     1>Target "CppClean: (TargetId:28)" in file "C:\Program Files\MSBuild\Microsoft.Cpp\v4.0\Microsoft.CppClean.targets" from project "D:\Fangmai Zheng\Kinect-Explorer\Canny Algo\Canny Algo.vcxproj" (target "Clean" depends on it):
18:20:38.968     1>Done building target "CppClean" in project "Canny Algo.vcxproj".: (TargetId:28)
18:20:38.968     1>Target "Clean: (TargetId:29)" in file "C:\WINDOWS\Microsoft.NET\Framework\v4.0.30319\Microsoft.Common.Targets" from project "D:\Fangmai Zheng\Kinect-Explorer\Canny Algo\Canny Algo.vcxproj" (entry point):
18:20:38.968     1>Done building target "Clean" in project "Canny Algo.vcxproj".: (TargetId:29)
18:20:38.968     1>Done Building Project "D:\Fangmai Zheng\Kinect-Explorer\Canny Algo\Canny Algo.vcxproj" (clean target(s)).

Project Performance Summary:
        0 ms  D:\Fangmai Zheng\Kinect-Explorer\Canny Algo\Canny Algo.vcxproj   1 calls
                  0 ms  clean                                      1 calls

Target Performance Summary:
        0 ms  BeforeClean                                1 calls
        0 ms  PGInstrumentedClean                        1 calls
        0 ms  _CheckForInvalidConfigurationAndPlatform   1 calls
        0 ms  BeforeCppClean                             1 calls
        0 ms  CleanPublishFolder                         1 calls
        0 ms  CleanReferencedProjects                    1 calls
        0 ms  CoreCppClean                               1 calls
        0 ms  AfterClean                                 1 calls
        0 ms  _SplitProjectReferencesByFileExistence     1 calls
        0 ms  Clean                                      1 calls
        0 ms  CoreClean                                  1 calls
        0 ms  AfterCppClean                              1 calls
        0 ms  CppClean                                   1 calls
        0 ms  _PrepareForClean                           1 calls

Task Performance Summary:
        0 ms  Delete                                     3 calls
        0 ms  ReadLinesFromFile                          1 calls
        0 ms  CppClean                                   1 calls
        0 ms  WriteLinesToFile                           2 calls
        0 ms  FindUnderPath                              2 calls
        0 ms  Message                                    2 calls
        0 ms  MakeDir                                    2 calls
        0 ms  RemoveDuplicates                           1 calls

Build succeeded.

Time Elapsed 00:00:00.01
