C:\USERS\MADDY\DESKTOP\KINECT-EXPLORER\DEBUG\KINECT-INTRCALIB.EXE
C:\USERS\MADDY\DESKTOP\KINECT-EXPLORER\DEBUG\KINECT-INTRCALIB.ILK
C:\USERS\MADDY\DESKTOP\KINECT-EXPLORER\DEBUG\KINECT-INTRCALIB.PDB
C:\Users\maddy\Desktop\Kinect-Explorer\Kinect-Calibration\Debug\cl.command.1.tlog
C:\Users\maddy\Desktop\Kinect-Explorer\Kinect-Calibration\Debug\CL.read.1.tlog
C:\Users\maddy\Desktop\Kinect-Explorer\Kinect-Calibration\Debug\CL.write.1.tlog
C:\USERS\MADDY\DESKTOP\KINECT-EXPLORER\KINECT-CALIBRATION\DEBUG\GLOBALUTILITY.OBJ
C:\USERS\MADDY\DESKTOP\KINECT-EXPLORER\KINECT-CALIBRATION\DEBUG\KINECTCALIB.OBJ
C:\USERS\MADDY\DESKTOP\KINECT-EXPLORER\KINECT-CALIBRATION\DEBUG\KINECT-INTRCALIB.EXE.INTERMEDIATE.MANIFEST
C:\Users\maddy\Desktop\Kinect-Explorer\Kinect-Calibration\Debug\link.command.1.tlog
C:\Users\maddy\Desktop\Kinect-Explorer\Kinect-Calibration\Debug\link.read.1.tlog
C:\Users\maddy\Desktop\Kinect-Explorer\Kinect-Calibration\Debug\link.write.1.tlog
C:\USERS\MADDY\DESKTOP\KINECT-EXPLORER\KINECT-CALIBRATION\DEBUG\MAIN.OBJ
C:\Users\maddy\Desktop\Kinect-Explorer\Kinect-Calibration\Debug\mt.command.1.tlog
C:\Users\maddy\Desktop\Kinect-Explorer\Kinect-Calibration\Debug\mt.read.1.tlog
C:\Users\maddy\Desktop\Kinect-Explorer\Kinect-Calibration\Debug\mt.write.1.tlog
C:\USERS\MADDY\DESKTOP\KINECT-EXPLORER\KINECT-CALIBRATION\DEBUG\OPENCVUTILITY.OBJ
C:\USERS\MADDY\DESKTOP\KINECT-EXPLORER\KINECT-CALIBRATION\DEBUG\OPENNIUTILITY.OBJ
C:\Users\maddy\Desktop\Kinect-Explorer\Kinect-Calibration\Debug\vc100.idb
C:\USERS\MADDY\DESKTOP\KINECT-EXPLORER\KINECT-CALIBRATION\DEBUG\VC100.PDB
