C:\Users\maddy\Desktop\Kinect-Explorer\Simple KE ( OpenNI_CV_GL )\Debug\cl.command.1.tlog
C:\Users\maddy\Desktop\Kinect-Explorer\Simple KE ( OpenNI_CV_GL )\Debug\CL.read.1.tlog
C:\Users\maddy\Desktop\Kinect-Explorer\Simple KE ( OpenNI_CV_GL )\Debug\CL.write.1.tlog
C:\USERS\MADDY\DESKTOP\KINECT-EXPLORER\SIMPLE KE ( OPENNI_CV_GL )\DEBUG\GLOBALUTILITY.OBJ
C:\USERS\MADDY\DESKTOP\KINECT-EXPLORER\SIMPLE KE ( OPENNI_CV_GL )\DEBUG\KINECTEXPLORER.OBJ
C:\Users\maddy\Desktop\Kinect-Explorer\Simple KE ( OpenNI_CV_GL )\Debug\link.command.1.tlog
C:\Users\maddy\Desktop\Kinect-Explorer\Simple KE ( OpenNI_CV_GL )\Debug\link.read.1.tlog
C:\Users\maddy\Desktop\Kinect-Explorer\Simple KE ( OpenNI_CV_GL )\Debug\link.write.1.tlog
C:\Users\maddy\Desktop\Kinect-Explorer\Simple KE ( OpenNI_CV_GL )\Debug\mt.command.1.tlog
C:\Users\maddy\Desktop\Kinect-Explorer\Simple KE ( OpenNI_CV_GL )\Debug\mt.read.1.tlog
C:\Users\maddy\Desktop\Kinect-Explorer\Simple KE ( OpenNI_CV_GL )\Debug\mt.write.1.tlog
C:\USERS\MADDY\DESKTOP\KINECT-EXPLORER\SIMPLE KE ( OPENNI_CV_GL )\DEBUG\OPENNIUTILITY.OBJ
C:\USERS\MADDY\DESKTOP\KINECT-EXPLORER\SIMPLE KE ( OPENNI_CV_GL )\DEBUG\SIMPLE KE ( OPENNI_CV_GL ).EXE
C:\USERS\MADDY\DESKTOP\KINECT-EXPLORER\SIMPLE KE ( OPENNI_CV_GL )\DEBUG\SIMPLE KE ( OPENNI_CV_GL ).EXE.INTERMEDIATE.MANIFEST
C:\USERS\MADDY\DESKTOP\KINECT-EXPLORER\SIMPLE KE ( OPENNI_CV_GL )\DEBUG\SIMPLE KE ( OPENNI_CV_GL ).ILK
C:\USERS\MADDY\DESKTOP\KINECT-EXPLORER\SIMPLE KE ( OPENNI_CV_GL )\DEBUG\SIMPLE KE ( OPENNI_CV_GL ).PDB
C:\Users\maddy\Desktop\Kinect-Explorer\Simple KE ( OpenNI_CV_GL )\Debug\vc100.idb
C:\USERS\MADDY\DESKTOP\KINECT-EXPLORER\SIMPLE KE ( OPENNI_CV_GL )\DEBUG\VC100.PDB
Debug\Simple KE ( OpenNI_CV_GL ).ilk
Debug\Simple KE ( OpenNI_CV_GL ).pdb
