C:\USERS\MADDY\DESKTOP\KINECT-EXPLORER\DEBUG\VIEW-DEPENDENT-PROJ.EXE
C:\USERS\MADDY\DESKTOP\KINECT-EXPLORER\DEBUG\VIEW-DEPENDENT-PROJ.ILK
C:\USERS\MADDY\DESKTOP\KINECT-EXPLORER\DEBUG\VIEW-DEPENDENT-PROJ.PDB
C:\USERS\MADDY\DESKTOP\KINECT-EXPLORER\VIEW-DEPENDENT-PROJ\DEBUG\CAMERA.OBJ
C:\Users\maddy\Desktop\Kinect-Explorer\View-Dependent-Proj\Debug\cl.command.1.tlog
C:\Users\maddy\Desktop\Kinect-Explorer\View-Dependent-Proj\Debug\CL.read.1.tlog
C:\Users\maddy\Desktop\Kinect-Explorer\View-Dependent-Proj\Debug\CL.write.1.tlog
C:\USERS\MADDY\DESKTOP\KINECT-EXPLORER\VIEW-DEPENDENT-PROJ\DEBUG\GLOBALUTILITY.OBJ
C:\USERS\MADDY\DESKTOP\KINECT-EXPLORER\VIEW-DEPENDENT-PROJ\DEBUG\KINECTHOLEFILLER.OBJ
C:\Users\maddy\Desktop\Kinect-Explorer\View-Dependent-Proj\Debug\link.command.1.tlog
C:\Users\maddy\Desktop\Kinect-Explorer\View-Dependent-Proj\Debug\link.read.1.tlog
C:\Users\maddy\Desktop\Kinect-Explorer\View-Dependent-Proj\Debug\link.write.1.tlog
C:\USERS\MADDY\DESKTOP\KINECT-EXPLORER\VIEW-DEPENDENT-PROJ\DEBUG\MAIN.OBJ
C:\USERS\MADDY\DESKTOP\KINECT-EXPLORER\VIEW-DEPENDENT-PROJ\DEBUG\MATRIX.OBJ
C:\Users\maddy\Desktop\Kinect-Explorer\View-Dependent-Proj\Debug\mt.command.1.tlog
C:\Users\maddy\Desktop\Kinect-Explorer\View-Dependent-Proj\Debug\mt.read.1.tlog
C:\Users\maddy\Desktop\Kinect-Explorer\View-Dependent-Proj\Debug\mt.write.1.tlog
C:\USERS\MADDY\DESKTOP\KINECT-EXPLORER\VIEW-DEPENDENT-PROJ\DEBUG\OPENCVUTILITY.OBJ
C:\USERS\MADDY\DESKTOP\KINECT-EXPLORER\VIEW-DEPENDENT-PROJ\DEBUG\OPENNIUTILITY.OBJ
C:\USERS\MADDY\DESKTOP\KINECT-EXPLORER\VIEW-DEPENDENT-PROJ\DEBUG\PROJSCENE.OBJ
C:\USERS\MADDY\DESKTOP\KINECT-EXPLORER\VIEW-DEPENDENT-PROJ\DEBUG\SIMPLEHEADTRACKING.OBJ
C:\Users\maddy\Desktop\Kinect-Explorer\View-Dependent-Proj\Debug\vc100.idb
C:\USERS\MADDY\DESKTOP\KINECT-EXPLORER\VIEW-DEPENDENT-PROJ\DEBUG\VC100.PDB
C:\USERS\MADDY\DESKTOP\KINECT-EXPLORER\VIEW-DEPENDENT-PROJ\DEBUG\VIEW-DEPENDENT-PROJ.EXE.INTERMEDIATE.MANIFEST
C:\WINDOWS\MICROSOFT.NET\FRAMEWORK\V2.0.50727\MSCORWKS.DLL
C:\WINDOWS\MICROSOFT.NET\FRAMEWORK\V4.0.30319\CLR.DLL
